<?xml version="1.0" encoding="UTF-8"?>
<robot generator="Robot 4.1.3 (Python 3.9.9 on win32)" generated="20220422 19:55:17.621" rpa="false" schemaversion="2">
<suite id="s1" name="InterceptPharmaMed" source="C:\Users\aravind.v\PycharmProjects\pythonProject1\TestCases\InterceptPharmaMed.robot">
<test id="s1-t1" name="HomePageTest">
<kw name="open the browser and navigate to the url" library="Generic">
<arg>${properties.Browser1}</arg>
<arg>${properties.urlNSPMED}</arg>
<kw name="Set Selenium Implicit Wait" library="SeleniumLibrary">
<arg>10</arg>
<doc>Sets the implicit wait value used by Selenium.</doc>
<status status="PASS" starttime="20220422 19:55:18.179" endtime="20220422 19:55:18.179"/>
</kw>
<kw name="Set Suite Variable" library="BuiltIn">
<arg>${baseUrl}</arg>
<arg>${url}</arg>
<doc>Makes a variable available everywhere within the scope of the current suite.</doc>
<msg timestamp="20220422 19:55:18.179" level="INFO">${baseUrl} = https://www.interceptmedinfo.com/</msg>
<status status="PASS" starttime="20220422 19:55:18.179" endtime="20220422 19:55:18.179"/>
</kw>
<kw name="Get Driver Path" library="DriverSync">
<var>${driver_path}</var>
<arg>${browser_name}</arg>
<msg timestamp="20220422 19:55:18.179" level="INFO">
</msg>
<msg timestamp="20220422 19:55:18.179" level="INFO">====== WebDriver manager ======</msg>
<msg timestamp="20220422 19:55:19.481" level="INFO">Current google-chrome version is 100.0.4896</msg>
<msg timestamp="20220422 19:55:19.481" level="INFO">Get LATEST chromedriver version for 100.0.4896 google-chrome</msg>
<msg timestamp="20220422 19:55:19.773" level="INFO">Trying to download new driver from https://chromedriver.storage.googleapis.com/100.0.4896.60/chromedriver_win32.zip</msg>
<msg timestamp="20220422 19:55:24.025" level="INFO">Driver has been saved in cache [C:\Users\aravind.v\.wdm\drivers\chromedriver\win32\100.0.4896.60]</msg>
<msg timestamp="20220422 19:55:24.025" level="INFO">C:\Users\aravind.v\.wdm\drivers\chromedriver\win32\100.0.4896.60\chromedriver.exe</msg>
<msg timestamp="20220422 19:55:24.025" level="INFO">====== WebDriver manager ======
Current google-chrome version is 100.0.4896
Get LATEST chromedriver version for 100.0.4896 google-chrome
Trying to download new driver from https://chromedriver.storage.googleapis.com/100.0.4896.60/chromedriver_win32.zip
Driver has been saved in cache [C:\Users\aravind.v\.wdm\drivers\chromedriver\win32\100.0.4896.60]</msg>
<msg timestamp="20220422 19:55:24.025" level="INFO">${driver_path} = C:\Users\aravind.v\.wdm\drivers\chromedriver\win32\100.0.4896.60\chromedriver.exe</msg>
<status status="PASS" starttime="20220422 19:55:18.179" endtime="20220422 19:55:24.025"/>
</kw>
<kw name="Evaluate" library="BuiltIn">
<var>${chrome_options}</var>
<arg>sys.modules['selenium.webdriver'].ChromeOptions()</arg>
<arg>sys, selenium.webdriver</arg>
<doc>Evaluates the given expression in Python and returns the result.</doc>
<msg timestamp="20220422 19:55:24.025" level="INFO">${chrome_options} = &lt;selenium.webdriver.chrome.options.Options object at 0x000001E0EFB609D0&gt;</msg>
<status status="PASS" starttime="20220422 19:55:24.025" endtime="20220422 19:55:24.025"/>
</kw>
<kw name="Call Method" library="BuiltIn">
<arg>${chrome_options}</arg>
<arg>add_argument</arg>
<arg>--disable-extensions</arg>
<doc>Calls the named method of the given object with the provided arguments.</doc>
<status status="PASS" starttime="20220422 19:55:24.025" endtime="20220422 19:55:24.025"/>
</kw>
<kw name="Run Keyword If" library="BuiltIn">
<arg>${properties.headless}</arg>
<arg>Call Method</arg>
<arg>${chrome_options}</arg>
<arg>add_argument</arg>
<arg>--headless</arg>
<doc>Runs the given keyword with the given arguments, if ``condition`` is true.</doc>
<status status="PASS" starttime="20220422 19:55:24.025" endtime="20220422 19:55:24.025"/>
</kw>
<kw name="Call Method" library="BuiltIn">
<arg>${chrome_options}</arg>
<arg>add_argument</arg>
<arg>--disable-gpu</arg>
<doc>Calls the named method of the given object with the provided arguments.</doc>
<status status="PASS" starttime="20220422 19:55:24.025" endtime="20220422 19:55:24.025"/>
</kw>
<kw name="Call Method" library="BuiltIn">
<arg>${chrome_options}</arg>
<arg>add_argument</arg>
<arg>--no-sandbox</arg>
<doc>Calls the named method of the given object with the provided arguments.</doc>
<status status="PASS" starttime="20220422 19:55:24.025" endtime="20220422 19:55:24.033"/>
</kw>
<kw name="Create Webdriver" library="SeleniumLibrary">
<arg>Chrome</arg>
<arg>executable_path=${driver_path}</arg>
<arg>chrome_options=${chrome_options}</arg>
<doc>Creates an instance of Selenium WebDriver.</doc>
<msg timestamp="20220422 19:55:24.033" level="INFO">Creating an instance of the Chrome WebDriver.</msg>
<status status="PASS" starttime="20220422 19:55:24.033" endtime="20220422 19:55:25.553"/>
</kw>
<kw name="Set Window Size" library="SeleniumLibrary">
<arg>1280</arg>
<arg>577</arg>
<doc>Sets current windows size to given ``width`` and ``height``.</doc>
<status status="PASS" starttime="20220422 19:55:25.554" endtime="20220422 19:55:25.682"/>
</kw>
<kw name="Go To" library="SeleniumLibrary">
<arg>${url}</arg>
<doc>Navigates the current browser window to the provided ``url``.</doc>
<msg timestamp="20220422 19:55:25.683" level="INFO">Opening url 'https://www.interceptmedinfo.com/'</msg>
<msg timestamp="20220422 19:55:31.789" level="WARN">Keyword 'Capture Page Screenshot' could not be run on failure: Message: chrome not reachable
  (Session info: chrome=100.0.4896.127)
Stacktrace:
Backtrace:
	Ordinal0 [0x00D27413+2389011]
	Ordinal0 [0x00CB9F61+1941345]
	Ordinal0 [0x00BAC520+836896]
	Ordinal0 [0x00BA0682+788098]
	Ordinal0 [0x00BA0EB8+790200]
	Ordinal0 [0x00BA2752+796498]
	Ordinal0 [0x00B9C0D9+770265]
	Ordinal0 [0x00BAD9D0+842192]
	Ordinal0 [0x00C03AE2+1194722]
	Ordinal0 [0x00BF3F66+1130342]
	Ordinal0 [0x00BCE546+976198]
	Ordinal0 [0x00BCF456+980054]
	GetHandleVerifier [0x00ED9632+1727522]
	GetHandleVerifier [0x00F8BA4D+2457661]
	GetHandleVerifier [0x00DBEB81+569713]
	GetHandleVerifier [0x00DBDD76+566118]
	Ordinal0 [0x00CC0B2B+1968939]
	Ordinal0 [0x00CC5988+1989000]
	Ordinal0 [0x00CC5A75+1989237]
	Ordinal0 [0x00CCECB1+2026673]
	BaseThreadInitThunk [0x76D4FA29+25]
	RtlGetAppContainerNamedObjectPath [0x77217A7E+286]
	RtlGetAppContainerNamedObjectPath [0x77217A4E+238]
</msg>
<msg timestamp="20220422 19:55:31.796" level="FAIL">WebDriverException: Message: unknown error: cannot determine loading status
from disconnected: received Inspector.detached event
  (Session info: chrome=100.0.4896.127)
Stacktrace:
Backtrace:
	Ordinal0 [0x00D27413+2389011]
	Ordinal0 [0x00CB9F61+1941345]
	Ordinal0 [0x00BAC658+837208]
	Ordinal0 [0x00B9E87E+780414]
	Ordinal0 [0x00B9E46F+779375]
	Ordinal0 [0x00B9DA86+776838]
	Ordinal0 [0x00B9C995+772501]
	Ordinal0 [0x00B9CF98+774040]
	Ordinal0 [0x00BA8C20+822304]
	Ordinal0 [0x00B9E27D+778877]
	Ordinal0 [0x00B9EE3D+781885]
	Ordinal0 [0x00B9E48A+779402]
	Ordinal0 [0x00B9DA86+776838]
	Ordinal0 [0x00B9C995+772501]
	Ordinal0 [0x00B9CE6D+773741]
	Ordinal0 [0x00BADE5A+843354]
	Ordinal0 [0x00C049BD+1198525]
	Ordinal0 [0x00BF414C+1130828]
	Ordinal0 [0x00C04302+1196802]
	Ordinal0 [0x00BF3F66+1130342]
	Ordinal0 [0x00BCE546+976198]
	Ordinal0 [0x00BCF456+980054]
	GetHandleVerifier [0x00ED9632+1727522]
	GetHandleVerifier [0x00F8BA4D+2457661]
	GetHandleVerifier [0x00DBEB81+569713]
	GetHandleVerifier [0x00DBDD76+566118]
	Ordinal0 [0x00CC0B2B+1968939]
	Ordinal0 [0x00CC5988+1989000]
	Ordinal0 [0x00CC5A75+1989237]
	Ordinal0 [0x00CCECB1+2026673]
	BaseThreadInitThunk [0x76D4FA29+25]
	RtlGetAppContainerNamedObjectPath [0x77217A7E+286]
	RtlGetAppContainerNamedObjectPath [0x77217A4E+238]
</msg>
<status status="FAIL" starttime="20220422 19:55:25.682" endtime="20220422 19:55:31.796"/>
</kw>
<kw name="Capture Page Screenshot" library="SeleniumLibrary">
<arg>loginpage</arg>
<doc>Takes a screenshot of the current page and embeds it into a log file.</doc>
<status status="NOT RUN" starttime="20220422 19:55:31.798" endtime="20220422 19:55:31.798"/>
</kw>
<status status="FAIL" starttime="20220422 19:55:18.179" endtime="20220422 19:55:31.798"/>
</kw>
<kw name="Maximize Browser Window" library="SeleniumLibrary">
<doc>Maximizes current browser window.</doc>
<status status="NOT RUN" starttime="20220422 19:55:31.798" endtime="20220422 19:55:31.798"/>
</kw>
<kw name="Assert the logos in homepage" library="LoginPageICPTMED">
<status status="NOT RUN" starttime="20220422 19:55:31.801" endtime="20220422 19:55:31.801"/>
</kw>
<kw name="Get All links in homepage and Validate it" library="LoginPageICPTMED">
<status status="NOT RUN" starttime="20220422 19:55:31.801" endtime="20220422 19:55:31.801"/>
</kw>
<tag>Regression</tag>
<status status="FAIL" starttime="20220422 19:55:18.179" endtime="20220422 19:55:31.801">WebDriverException: Message: unknown error: cannot determine loading status
from disconnected: received Inspector.detached event
  (Session info: chrome=100.0.4896.127)
Stacktrace:
Backtrace:
	Ordinal0 [0x00D27413+2389011]
	Ordinal0 [0x00CB9F61+1941345]
	Ordinal0 [0x00BAC658+837208]
	Ordinal0 [0x00B9E87E+780414]
	Ordinal0 [0x00B9E46F+779375]
	Ordinal0 [0x00B9DA86+776838]
	Ordinal0 [0x00B9C995+772501]
	Ordinal0 [0x00B9CF98+774040]
	Ordinal0 [0x00BA8C20+822304]
	Ordinal0 [0x00B9E27D+778877]
	Ordinal0 [0x00B9EE3D+781885]
	Ordinal0 [0x00B9E48A+779402]
	Ordinal0 [0x00B9DA86+776838]
	Ordinal0 [0x00B9C995+772501]
	Ordinal0 [0x00B9CE6D+773741]
	Ordinal0 [0x00BADE5A+843354]
	Ordinal0 [0x00C049BD+1198525]
	Ordinal0 [0x00BF414C+1130828]
	Ordinal0 [0x00C04302+1196802]
	Ordinal0 [0x00BF3F66+1130342]
	Ordinal0 [0x00BCE546+976198]
	Ordinal0 [0x00BCF456+980054]
	GetHandleVerifier [0x00ED9632+1727522]
	GetHandleVerifier [0x00F8BA4D+2457661]
	GetHandleVerifier [0x00DBEB81+569713]
	GetHandleVerifier [0x00DBDD76+566118]
	Ordinal0 [0x00CC0B2B+1968939]
	Ordinal0 [0x00CC5988+1989000]
	Ordinal0 [0x00CC5A75+1989237]
	Ordinal0 [0x00CCECB1+2026673]
	BaseThreadInitThunk [0x76D4FA29+25]
	RtlGetAppContainerNamedObjectPath [0x77217A7E+286]
	RtlGetAppContainerNamedObjectPath [0x77217A4E+238]
</status>
</test>
<test id="s1-t2" name="ProductPageTest">
<kw name="open the browser and navigate to the url" library="Generic">
<arg>${properties.Browser1}</arg>
<arg>${properties.urlNSPMED}</arg>
<kw name="Set Selenium Implicit Wait" library="SeleniumLibrary">
<arg>10</arg>
<doc>Sets the implicit wait value used by Selenium.</doc>
<status status="PASS" starttime="20220422 19:55:31.808" endtime="20220422 19:55:31.808"/>
</kw>
<kw name="Set Suite Variable" library="BuiltIn">
<arg>${baseUrl}</arg>
<arg>${url}</arg>
<doc>Makes a variable available everywhere within the scope of the current suite.</doc>
<msg timestamp="20220422 19:55:31.808" level="INFO">${baseUrl} = https://www.interceptmedinfo.com/</msg>
<status status="PASS" starttime="20220422 19:55:31.808" endtime="20220422 19:55:31.808"/>
</kw>
<kw name="Get Driver Path" library="DriverSync">
<var>${driver_path}</var>
<arg>${browser_name}</arg>
<msg timestamp="20220422 19:55:31.808" level="INFO">
</msg>
<msg timestamp="20220422 19:55:31.808" level="INFO">====== WebDriver manager ======</msg>
<msg timestamp="20220422 19:55:33.086" level="INFO">Current google-chrome version is 100.0.4896</msg>
<msg timestamp="20220422 19:55:33.086" level="INFO">Get LATEST chromedriver version for 100.0.4896 google-chrome</msg>
<msg timestamp="20220422 19:55:33.349" level="INFO">Trying to download new driver from https://chromedriver.storage.googleapis.com/100.0.4896.60/chromedriver_win32.zip</msg>
<msg timestamp="20220422 19:55:37.053" level="INFO">Driver has been saved in cache [C:\Users\aravind.v\.wdm\drivers\chromedriver\win32\100.0.4896.60]</msg>
<msg timestamp="20220422 19:55:37.060" level="INFO">C:\Users\aravind.v\.wdm\drivers\chromedriver\win32\100.0.4896.60\chromedriver.exe</msg>
<msg timestamp="20220422 19:55:37.060" level="INFO">${driver_path} = C:\Users\aravind.v\.wdm\drivers\chromedriver\win32\100.0.4896.60\chromedriver.exe</msg>
<status status="PASS" starttime="20220422 19:55:31.808" endtime="20220422 19:55:37.060"/>
</kw>
<kw name="Evaluate" library="BuiltIn">
<var>${chrome_options}</var>
<arg>sys.modules['selenium.webdriver'].ChromeOptions()</arg>
<arg>sys, selenium.webdriver</arg>
<doc>Evaluates the given expression in Python and returns the result.</doc>
<msg timestamp="20220422 19:55:37.061" level="INFO">${chrome_options} = &lt;selenium.webdriver.chrome.options.Options object at 0x000001E0EFC670D0&gt;</msg>
<status status="PASS" starttime="20220422 19:55:37.061" endtime="20220422 19:55:37.061"/>
</kw>
<kw name="Call Method" library="BuiltIn">
<arg>${chrome_options}</arg>
<arg>add_argument</arg>
<arg>--disable-extensions</arg>
<doc>Calls the named method of the given object with the provided arguments.</doc>
<status status="PASS" starttime="20220422 19:55:37.061" endtime="20220422 19:55:37.061"/>
</kw>
<kw name="Run Keyword If" library="BuiltIn">
<arg>${properties.headless}</arg>
<arg>Call Method</arg>
<arg>${chrome_options}</arg>
<arg>add_argument</arg>
<arg>--headless</arg>
<doc>Runs the given keyword with the given arguments, if ``condition`` is true.</doc>
<status status="PASS" starttime="20220422 19:55:37.061" endtime="20220422 19:55:37.063"/>
</kw>
<kw name="Call Method" library="BuiltIn">
<arg>${chrome_options}</arg>
<arg>add_argument</arg>
<arg>--disable-gpu</arg>
<doc>Calls the named method of the given object with the provided arguments.</doc>
<status status="PASS" starttime="20220422 19:55:37.063" endtime="20220422 19:55:37.063"/>
</kw>
<kw name="Call Method" library="BuiltIn">
<arg>${chrome_options}</arg>
<arg>add_argument</arg>
<arg>--no-sandbox</arg>
<doc>Calls the named method of the given object with the provided arguments.</doc>
<status status="PASS" starttime="20220422 19:55:37.063" endtime="20220422 19:55:37.063"/>
</kw>
<kw name="Create Webdriver" library="SeleniumLibrary">
<arg>Chrome</arg>
<arg>executable_path=${driver_path}</arg>
<arg>chrome_options=${chrome_options}</arg>
<doc>Creates an instance of Selenium WebDriver.</doc>
<msg timestamp="20220422 19:55:37.063" level="INFO">Creating an instance of the Chrome WebDriver.</msg>
<status status="PASS" starttime="20220422 19:55:37.063" endtime="20220422 19:55:38.533"/>
</kw>
<kw name="Set Window Size" library="SeleniumLibrary">
<arg>1280</arg>
<arg>577</arg>
<doc>Sets current windows size to given ``width`` and ``height``.</doc>
<status status="PASS" starttime="20220422 19:55:38.533" endtime="20220422 19:55:38.650"/>
</kw>
<kw name="Go To" library="SeleniumLibrary">
<arg>${url}</arg>
<doc>Navigates the current browser window to the provided ``url``.</doc>
<msg timestamp="20220422 19:55:38.650" level="INFO">Opening url 'https://www.interceptmedinfo.com/'</msg>
<msg timestamp="20220422 19:55:43.782" level="WARN">Keyword 'Capture Page Screenshot' could not be run on failure: Message: chrome not reachable
  (Session info: chrome=100.0.4896.127)
Stacktrace:
Backtrace:
	Ordinal0 [0x00D27413+2389011]
	Ordinal0 [0x00CB9F61+1941345]
	Ordinal0 [0x00BAC520+836896]
	Ordinal0 [0x00BA0682+788098]
	Ordinal0 [0x00BA0EB8+790200]
	Ordinal0 [0x00BA2752+796498]
	Ordinal0 [0x00B9C0D9+770265]
	Ordinal0 [0x00BAD9D0+842192]
	Ordinal0 [0x00C03AE2+1194722]
	Ordinal0 [0x00BF3F66+1130342]
	Ordinal0 [0x00BCE546+976198]
	Ordinal0 [0x00BCF456+980054]
	GetHandleVerifier [0x00ED9632+1727522]
	GetHandleVerifier [0x00F8BA4D+2457661]
	GetHandleVerifier [0x00DBEB81+569713]
	GetHandleVerifier [0x00DBDD76+566118]
	Ordinal0 [0x00CC0B2B+1968939]
	Ordinal0 [0x00CC5988+1989000]
	Ordinal0 [0x00CC5A75+1989237]
	Ordinal0 [0x00CCECB1+2026673]
	BaseThreadInitThunk [0x76D4FA29+25]
	RtlGetAppContainerNamedObjectPath [0x77217A7E+286]
	RtlGetAppContainerNamedObjectPath [0x77217A4E+238]
</msg>
<msg timestamp="20220422 19:55:43.782" level="FAIL">WebDriverException: Message: unknown error: cannot determine loading status
from disconnected: received Inspector.detached event
  (Session info: chrome=100.0.4896.127)
Stacktrace:
Backtrace:
	Ordinal0 [0x00D27413+2389011]
	Ordinal0 [0x00CB9F61+1941345]
	Ordinal0 [0x00BAC658+837208]
	Ordinal0 [0x00B9E87E+780414]
	Ordinal0 [0x00B9E46F+779375]
	Ordinal0 [0x00B9DA86+776838]
	Ordinal0 [0x00B9C995+772501]
	Ordinal0 [0x00B9CF98+774040]
	Ordinal0 [0x00BA8C20+822304]
	Ordinal0 [0x00B9E27D+778877]
	Ordinal0 [0x00B9EE3D+781885]
	Ordinal0 [0x00B9E48A+779402]
	Ordinal0 [0x00B9DA86+776838]
	Ordinal0 [0x00B9C995+772501]
	Ordinal0 [0x00B9CE6D+773741]
	Ordinal0 [0x00BADE5A+843354]
	Ordinal0 [0x00C049BD+1198525]
	Ordinal0 [0x00BF414C+1130828]
	Ordinal0 [0x00C04302+1196802]
	Ordinal0 [0x00BF3F66+1130342]
	Ordinal0 [0x00BCE546+976198]
	Ordinal0 [0x00BCF456+980054]
	GetHandleVerifier [0x00ED9632+1727522]
	GetHandleVerifier [0x00F8BA4D+2457661]
	GetHandleVerifier [0x00DBEB81+569713]
	GetHandleVerifier [0x00DBDD76+566118]
	Ordinal0 [0x00CC0B2B+1968939]
	Ordinal0 [0x00CC5988+1989000]
	Ordinal0 [0x00CC5A75+1989237]
	Ordinal0 [0x00CCECB1+2026673]
	BaseThreadInitThunk [0x76D4FA29+25]
	RtlGetAppContainerNamedObjectPath [0x77217A7E+286]
	RtlGetAppContainerNamedObjectPath [0x77217A4E+238]
</msg>
<status status="FAIL" starttime="20220422 19:55:38.650" endtime="20220422 19:55:43.790"/>
</kw>
<kw name="Capture Page Screenshot" library="SeleniumLibrary">
<arg>loginpage</arg>
<doc>Takes a screenshot of the current page and embeds it into a log file.</doc>
<status status="NOT RUN" starttime="20220422 19:55:43.790" endtime="20220422 19:55:43.790"/>
</kw>
<status status="FAIL" starttime="20220422 19:55:31.801" endtime="20220422 19:55:43.790"/>
</kw>
<kw name="Maximize Browser Window" library="SeleniumLibrary">
<doc>Maximizes current browser window.</doc>
<status status="NOT RUN" starttime="20220422 19:55:43.792" endtime="20220422 19:55:43.792"/>
</kw>
<kw name="Get ProductsPage validated" library="ProductPageICPTMED">
<status status="NOT RUN" starttime="20220422 19:55:43.792" endtime="20220422 19:55:43.792"/>
</kw>
<tag>Regression</tag>
<status status="FAIL" starttime="20220422 19:55:31.801" endtime="20220422 19:55:43.792">WebDriverException: Message: unknown error: cannot determine loading status
from disconnected: received Inspector.detached event
  (Session info: chrome=100.0.4896.127)
Stacktrace:
Backtrace:
	Ordinal0 [0x00D27413+2389011]
	Ordinal0 [0x00CB9F61+1941345]
	Ordinal0 [0x00BAC658+837208]
	Ordinal0 [0x00B9E87E+780414]
	Ordinal0 [0x00B9E46F+779375]
	Ordinal0 [0x00B9DA86+776838]
	Ordinal0 [0x00B9C995+772501]
	Ordinal0 [0x00B9CF98+774040]
	Ordinal0 [0x00BA8C20+822304]
	Ordinal0 [0x00B9E27D+778877]
	Ordinal0 [0x00B9EE3D+781885]
	Ordinal0 [0x00B9E48A+779402]
	Ordinal0 [0x00B9DA86+776838]
	Ordinal0 [0x00B9C995+772501]
	Ordinal0 [0x00B9CE6D+773741]
	Ordinal0 [0x00BADE5A+843354]
	Ordinal0 [0x00C049BD+1198525]
	Ordinal0 [0x00BF414C+1130828]
	Ordinal0 [0x00C04302+1196802]
	Ordinal0 [0x00BF3F66+1130342]
	Ordinal0 [0x00BCE546+976198]
	Ordinal0 [0x00BCF456+980054]
	GetHandleVerifier [0x00ED9632+1727522]
	GetHandleVerifier [0x00F8BA4D+2457661]
	GetHandleVerifier [0x00DBEB81+569713]
	GetHandleVerifier [0x00DBDD76+566118]
	Ordinal0 [0x00CC0B2B+1968939]
	Ordinal0 [0x00CC5988+1989000]
	Ordinal0 [0x00CC5A75+1989237]
	Ordinal0 [0x00CCECB1+2026673]
	BaseThreadInitThunk [0x76D4FA29+25]
	RtlGetAppContainerNamedObjectPath [0x77217A7E+286]
	RtlGetAppContainerNamedObjectPath [0x77217A4E+238]
</status>
</test>
<test id="s1-t3" name="ResourcesPageTest">
<kw name="open the browser and navigate to the url" library="Generic">
<arg>${properties.Browser1}</arg>
<arg>${properties.urlNSPMED}</arg>
<kw name="Set Selenium Implicit Wait" library="SeleniumLibrary">
<arg>10</arg>
<doc>Sets the implicit wait value used by Selenium.</doc>
<status status="PASS" starttime="20220422 19:55:43.800" endtime="20220422 19:55:43.803"/>
</kw>
<kw name="Set Suite Variable" library="BuiltIn">
<arg>${baseUrl}</arg>
<arg>${url}</arg>
<doc>Makes a variable available everywhere within the scope of the current suite.</doc>
<msg timestamp="20220422 19:55:43.803" level="INFO">${baseUrl} = https://www.interceptmedinfo.com/</msg>
<status status="PASS" starttime="20220422 19:55:43.803" endtime="20220422 19:55:43.803"/>
</kw>
<kw name="Get Driver Path" library="DriverSync">
<var>${driver_path}</var>
<arg>${browser_name}</arg>
<msg timestamp="20220422 19:55:43.803" level="INFO">
</msg>
<msg timestamp="20220422 19:55:43.803" level="INFO">====== WebDriver manager ======</msg>
<msg timestamp="20220422 19:55:45.087" level="INFO">Current google-chrome version is 100.0.4896</msg>
<msg timestamp="20220422 19:55:45.087" level="INFO">Get LATEST chromedriver version for 100.0.4896 google-chrome</msg>
<msg timestamp="20220422 19:55:45.337" level="INFO">Trying to download new driver from https://chromedriver.storage.googleapis.com/100.0.4896.60/chromedriver_win32.zip</msg>
<msg timestamp="20220422 19:55:48.134" level="INFO">Driver has been saved in cache [C:\Users\aravind.v\.wdm\drivers\chromedriver\win32\100.0.4896.60]</msg>
<msg timestamp="20220422 19:55:48.134" level="INFO">C:\Users\aravind.v\.wdm\drivers\chromedriver\win32\100.0.4896.60\chromedriver.exe</msg>
<msg timestamp="20220422 19:55:48.134" level="INFO">${driver_path} = C:\Users\aravind.v\.wdm\drivers\chromedriver\win32\100.0.4896.60\chromedriver.exe</msg>
<status status="PASS" starttime="20220422 19:55:43.803" endtime="20220422 19:55:48.134"/>
</kw>
<kw name="Evaluate" library="BuiltIn">
<var>${chrome_options}</var>
<arg>sys.modules['selenium.webdriver'].ChromeOptions()</arg>
<arg>sys, selenium.webdriver</arg>
<doc>Evaluates the given expression in Python and returns the result.</doc>
<msg timestamp="20220422 19:55:48.134" level="INFO">${chrome_options} = &lt;selenium.webdriver.chrome.options.Options object at 0x000001E0EFC67D90&gt;</msg>
<status status="PASS" starttime="20220422 19:55:48.134" endtime="20220422 19:55:48.134"/>
</kw>
<kw name="Call Method" library="BuiltIn">
<arg>${chrome_options}</arg>
<arg>add_argument</arg>
<arg>--disable-extensions</arg>
<doc>Calls the named method of the given object with the provided arguments.</doc>
<status status="PASS" starttime="20220422 19:55:48.134" endtime="20220422 19:55:48.134"/>
</kw>
<kw name="Run Keyword If" library="BuiltIn">
<arg>${properties.headless}</arg>
<arg>Call Method</arg>
<arg>${chrome_options}</arg>
<arg>add_argument</arg>
<arg>--headless</arg>
<doc>Runs the given keyword with the given arguments, if ``condition`` is true.</doc>
<status status="PASS" starttime="20220422 19:55:48.134" endtime="20220422 19:55:48.134"/>
</kw>
<kw name="Call Method" library="BuiltIn">
<arg>${chrome_options}</arg>
<arg>add_argument</arg>
<arg>--disable-gpu</arg>
<doc>Calls the named method of the given object with the provided arguments.</doc>
<status status="PASS" starttime="20220422 19:55:48.134" endtime="20220422 19:55:48.134"/>
</kw>
<kw name="Call Method" library="BuiltIn">
<arg>${chrome_options}</arg>
<arg>add_argument</arg>
<arg>--no-sandbox</arg>
<doc>Calls the named method of the given object with the provided arguments.</doc>
<status status="PASS" starttime="20220422 19:55:48.134" endtime="20220422 19:55:48.134"/>
</kw>
<kw name="Create Webdriver" library="SeleniumLibrary">
<arg>Chrome</arg>
<arg>executable_path=${driver_path}</arg>
<arg>chrome_options=${chrome_options}</arg>
<doc>Creates an instance of Selenium WebDriver.</doc>
<msg timestamp="20220422 19:55:48.134" level="INFO">Creating an instance of the Chrome WebDriver.</msg>
<status status="PASS" starttime="20220422 19:55:48.134" endtime="20220422 19:55:49.670"/>
</kw>
<kw name="Set Window Size" library="SeleniumLibrary">
<arg>1280</arg>
<arg>577</arg>
<doc>Sets current windows size to given ``width`` and ``height``.</doc>
<status status="PASS" starttime="20220422 19:55:49.670" endtime="20220422 19:55:49.795"/>
</kw>
<kw name="Go To" library="SeleniumLibrary">
<arg>${url}</arg>
<doc>Navigates the current browser window to the provided ``url``.</doc>
<msg timestamp="20220422 19:55:49.797" level="INFO">Opening url 'https://www.interceptmedinfo.com/'</msg>
<msg timestamp="20220422 19:55:54.722" level="WARN">Keyword 'Capture Page Screenshot' could not be run on failure: Message: chrome not reachable
  (Session info: chrome=100.0.4896.127)
Stacktrace:
Backtrace:
	Ordinal0 [0x00D27413+2389011]
	Ordinal0 [0x00CB9F61+1941345]
	Ordinal0 [0x00BAC520+836896]
	Ordinal0 [0x00BA0682+788098]
	Ordinal0 [0x00BA0EB8+790200]
	Ordinal0 [0x00BA2752+796498]
	Ordinal0 [0x00B9C0D9+770265]
	Ordinal0 [0x00BAD9D0+842192]
	Ordinal0 [0x00C03AE2+1194722]
	Ordinal0 [0x00BF3F66+1130342]
	Ordinal0 [0x00BCE546+976198]
	Ordinal0 [0x00BCF456+980054]
	GetHandleVerifier [0x00ED9632+1727522]
	GetHandleVerifier [0x00F8BA4D+2457661]
	GetHandleVerifier [0x00DBEB81+569713]
	GetHandleVerifier [0x00DBDD76+566118]
	Ordinal0 [0x00CC0B2B+1968939]
	Ordinal0 [0x00CC5988+1989000]
	Ordinal0 [0x00CC5A75+1989237]
	Ordinal0 [0x00CCECB1+2026673]
	BaseThreadInitThunk [0x76D4FA29+25]
	RtlGetAppContainerNamedObjectPath [0x77217A7E+286]
	RtlGetAppContainerNamedObjectPath [0x77217A4E+238]
</msg>
<msg timestamp="20220422 19:55:54.725" level="FAIL">WebDriverException: Message: unknown error: cannot determine loading status
from disconnected: received Inspector.detached event
  (Session info: chrome=100.0.4896.127)
Stacktrace:
Backtrace:
	Ordinal0 [0x00D27413+2389011]
	Ordinal0 [0x00CB9F61+1941345]
	Ordinal0 [0x00BAC658+837208]
	Ordinal0 [0x00B9E87E+780414]
	Ordinal0 [0x00B9E46F+779375]
	Ordinal0 [0x00B9DA86+776838]
	Ordinal0 [0x00B9C995+772501]
	Ordinal0 [0x00B9CF98+774040]
	Ordinal0 [0x00BA8C20+822304]
	Ordinal0 [0x00B9E27D+778877]
	Ordinal0 [0x00B9EE3D+781885]
	Ordinal0 [0x00B9E48A+779402]
	Ordinal0 [0x00B9DA86+776838]
	Ordinal0 [0x00B9C995+772501]
	Ordinal0 [0x00B9CE6D+773741]
	Ordinal0 [0x00BADE5A+843354]
	Ordinal0 [0x00C049BD+1198525]
	Ordinal0 [0x00BF414C+1130828]
	Ordinal0 [0x00C04302+1196802]
	Ordinal0 [0x00BF3F66+1130342]
	Ordinal0 [0x00BCE546+976198]
	Ordinal0 [0x00BCF456+980054]
	GetHandleVerifier [0x00ED9632+1727522]
	GetHandleVerifier [0x00F8BA4D+2457661]
	GetHandleVerifier [0x00DBEB81+569713]
	GetHandleVerifier [0x00DBDD76+566118]
	Ordinal0 [0x00CC0B2B+1968939]
	Ordinal0 [0x00CC5988+1989000]
	Ordinal0 [0x00CC5A75+1989237]
	Ordinal0 [0x00CCECB1+2026673]
	BaseThreadInitThunk [0x76D4FA29+25]
	RtlGetAppContainerNamedObjectPath [0x77217A7E+286]
	RtlGetAppContainerNamedObjectPath [0x77217A4E+238]
</msg>
<status status="FAIL" starttime="20220422 19:55:49.796" endtime="20220422 19:55:54.725"/>
</kw>
<kw name="Capture Page Screenshot" library="SeleniumLibrary">
<arg>loginpage</arg>
<doc>Takes a screenshot of the current page and embeds it into a log file.</doc>
<status status="NOT RUN" starttime="20220422 19:55:54.725" endtime="20220422 19:55:54.725"/>
</kw>
<status status="FAIL" starttime="20220422 19:55:43.792" endtime="20220422 19:55:54.733"/>
</kw>
<kw name="Maximize Browser Window" library="SeleniumLibrary">
<doc>Maximizes current browser window.</doc>
<status status="NOT RUN" starttime="20220422 19:55:54.733" endtime="20220422 19:55:54.733"/>
</kw>
<kw name="Get ResourcesPage validated" library="ResourcesPageICPTMED">
<status status="NOT RUN" starttime="20220422 19:55:54.735" endtime="20220422 19:55:54.735"/>
</kw>
<tag>Regression</tag>
<status status="FAIL" starttime="20220422 19:55:43.792" endtime="20220422 19:55:54.735">WebDriverException: Message: unknown error: cannot determine loading status
from disconnected: received Inspector.detached event
  (Session info: chrome=100.0.4896.127)
Stacktrace:
Backtrace:
	Ordinal0 [0x00D27413+2389011]
	Ordinal0 [0x00CB9F61+1941345]
	Ordinal0 [0x00BAC658+837208]
	Ordinal0 [0x00B9E87E+780414]
	Ordinal0 [0x00B9E46F+779375]
	Ordinal0 [0x00B9DA86+776838]
	Ordinal0 [0x00B9C995+772501]
	Ordinal0 [0x00B9CF98+774040]
	Ordinal0 [0x00BA8C20+822304]
	Ordinal0 [0x00B9E27D+778877]
	Ordinal0 [0x00B9EE3D+781885]
	Ordinal0 [0x00B9E48A+779402]
	Ordinal0 [0x00B9DA86+776838]
	Ordinal0 [0x00B9C995+772501]
	Ordinal0 [0x00B9CE6D+773741]
	Ordinal0 [0x00BADE5A+843354]
	Ordinal0 [0x00C049BD+1198525]
	Ordinal0 [0x00BF414C+1130828]
	Ordinal0 [0x00C04302+1196802]
	Ordinal0 [0x00BF3F66+1130342]
	Ordinal0 [0x00BCE546+976198]
	Ordinal0 [0x00BCF456+980054]
	GetHandleVerifier [0x00ED9632+1727522]
	GetHandleVerifier [0x00F8BA4D+2457661]
	GetHandleVerifier [0x00DBEB81+569713]
	GetHandleVerifier [0x00DBDD76+566118]
	Ordinal0 [0x00CC0B2B+1968939]
	Ordinal0 [0x00CC5988+1989000]
	Ordinal0 [0x00CC5A75+1989237]
	Ordinal0 [0x00CCECB1+2026673]
	BaseThreadInitThunk [0x76D4FA29+25]
	RtlGetAppContainerNamedObjectPath [0x77217A7E+286]
	RtlGetAppContainerNamedObjectPath [0x77217A4E+238]
</status>
</test>
<test id="s1-t4" name="ContactUsPageTest">
<kw name="open the browser and navigate to the url" library="Generic">
<arg>${properties.Browser1}</arg>
<arg>${properties.urlNSPMED}</arg>
<kw name="Set Selenium Implicit Wait" library="SeleniumLibrary">
<arg>10</arg>
<doc>Sets the implicit wait value used by Selenium.</doc>
<status status="PASS" starttime="20220422 19:55:54.735" endtime="20220422 19:55:54.743"/>
</kw>
<kw name="Set Suite Variable" library="BuiltIn">
<arg>${baseUrl}</arg>
<arg>${url}</arg>
<doc>Makes a variable available everywhere within the scope of the current suite.</doc>
<msg timestamp="20220422 19:55:54.743" level="INFO">${baseUrl} = https://www.interceptmedinfo.com/</msg>
<status status="PASS" starttime="20220422 19:55:54.743" endtime="20220422 19:55:54.743"/>
</kw>
<kw name="Get Driver Path" library="DriverSync">
<var>${driver_path}</var>
<arg>${browser_name}</arg>
<msg timestamp="20220422 19:55:54.743" level="INFO">
</msg>
<msg timestamp="20220422 19:55:54.743" level="INFO">====== WebDriver manager ======</msg>
<msg timestamp="20220422 19:55:55.941" level="INFO">Current google-chrome version is 100.0.4896</msg>
<msg timestamp="20220422 19:55:55.941" level="INFO">Get LATEST chromedriver version for 100.0.4896 google-chrome</msg>
<msg timestamp="20220422 19:55:56.204" level="INFO">Trying to download new driver from https://chromedriver.storage.googleapis.com/100.0.4896.60/chromedriver_win32.zip</msg>
<msg timestamp="20220422 19:55:59.863" level="INFO">Driver has been saved in cache [C:\Users\aravind.v\.wdm\drivers\chromedriver\win32\100.0.4896.60]</msg>
<msg timestamp="20220422 19:55:59.863" level="INFO">C:\Users\aravind.v\.wdm\drivers\chromedriver\win32\100.0.4896.60\chromedriver.exe</msg>
<msg timestamp="20220422 19:55:59.863" level="INFO">${driver_path} = C:\Users\aravind.v\.wdm\drivers\chromedriver\win32\100.0.4896.60\chromedriver.exe</msg>
<status status="PASS" starttime="20220422 19:55:54.743" endtime="20220422 19:55:59.863"/>
</kw>
<kw name="Evaluate" library="BuiltIn">
<var>${chrome_options}</var>
<arg>sys.modules['selenium.webdriver'].ChromeOptions()</arg>
<arg>sys, selenium.webdriver</arg>
<doc>Evaluates the given expression in Python and returns the result.</doc>
<msg timestamp="20220422 19:55:59.863" level="INFO">${chrome_options} = &lt;selenium.webdriver.chrome.options.Options object at 0x000001E0EFD07EE0&gt;</msg>
<status status="PASS" starttime="20220422 19:55:59.863" endtime="20220422 19:55:59.863"/>
</kw>
<kw name="Call Method" library="BuiltIn">
<arg>${chrome_options}</arg>
<arg>add_argument</arg>
<arg>--disable-extensions</arg>
<doc>Calls the named method of the given object with the provided arguments.</doc>
<status status="PASS" starttime="20220422 19:55:59.863" endtime="20220422 19:55:59.863"/>
</kw>
<kw name="Run Keyword If" library="BuiltIn">
<arg>${properties.headless}</arg>
<arg>Call Method</arg>
<arg>${chrome_options}</arg>
<arg>add_argument</arg>
<arg>--headless</arg>
<doc>Runs the given keyword with the given arguments, if ``condition`` is true.</doc>
<status status="PASS" starttime="20220422 19:55:59.863" endtime="20220422 19:55:59.863"/>
</kw>
<kw name="Call Method" library="BuiltIn">
<arg>${chrome_options}</arg>
<arg>add_argument</arg>
<arg>--disable-gpu</arg>
<doc>Calls the named method of the given object with the provided arguments.</doc>
<status status="PASS" starttime="20220422 19:55:59.863" endtime="20220422 19:55:59.863"/>
</kw>
<kw name="Call Method" library="BuiltIn">
<arg>${chrome_options}</arg>
<arg>add_argument</arg>
<arg>--no-sandbox</arg>
<doc>Calls the named method of the given object with the provided arguments.</doc>
<status status="PASS" starttime="20220422 19:55:59.863" endtime="20220422 19:55:59.863"/>
</kw>
<kw name="Create Webdriver" library="SeleniumLibrary">
<arg>Chrome</arg>
<arg>executable_path=${driver_path}</arg>
<arg>chrome_options=${chrome_options}</arg>
<doc>Creates an instance of Selenium WebDriver.</doc>
<msg timestamp="20220422 19:55:59.863" level="INFO">Creating an instance of the Chrome WebDriver.</msg>
<status status="PASS" starttime="20220422 19:55:59.863" endtime="20220422 19:56:01.310"/>
</kw>
<kw name="Set Window Size" library="SeleniumLibrary">
<arg>1280</arg>
<arg>577</arg>
<doc>Sets current windows size to given ``width`` and ``height``.</doc>
<status status="PASS" starttime="20220422 19:56:01.310" endtime="20220422 19:56:01.435"/>
</kw>
<kw name="Go To" library="SeleniumLibrary">
<arg>${url}</arg>
<doc>Navigates the current browser window to the provided ``url``.</doc>
<msg timestamp="20220422 19:56:01.441" level="INFO">Opening url 'https://www.interceptmedinfo.com/'</msg>
<status status="PASS" starttime="20220422 19:56:01.435" endtime="20220422 19:56:08.697"/>
</kw>
<kw name="Capture Page Screenshot" library="SeleniumLibrary">
<arg>loginpage</arg>
<doc>Takes a screenshot of the current page and embeds it into a log file.</doc>
<msg timestamp="20220422 19:56:08.705" level="WARN">Keyword 'Capture Page Screenshot' could not be run on failure: Message: no such window: target window already closed
from unknown error: web view not found
  (Session info: chrome=100.0.4896.127)
Stacktrace:
Backtrace:
	Ordinal0 [0x00D27413+2389011]
	Ordinal0 [0x00CB9F61+1941345]
	Ordinal0 [0x00BAC658+837208]
	Ordinal0 [0x00B94480+738432]
	Ordinal0 [0x00BF6999+1141145]
	Ordinal0 [0x00C03AA2+1194658]
	Ordinal0 [0x00BF3F66+1130342]
	Ordinal0 [0x00BCE546+976198]
	Ordinal0 [0x00BCF456+980054]
	GetHandleVerifier [0x00ED9632+1727522]
	GetHandleVerifier [0x00F8BA4D+2457661]
	GetHandleVerifier [0x00DBEB81+569713]
	GetHandleVerifier [0x00DBDD76+566118]
	Ordinal0 [0x00CC0B2B+1968939]
	Ordinal0 [0x00CC5988+1989000]
	Ordinal0 [0x00CC5A75+1989237]
	Ordinal0 [0x00CCECB1+2026673]
	BaseThreadInitThunk [0x76D4FA29+25]
	RtlGetAppContainerNamedObjectPath [0x77217A7E+286]
	RtlGetAppContainerNamedObjectPath [0x77217A4E+238]
</msg>
<msg timestamp="20220422 19:56:08.708" level="INFO">c:\users\aravind.v\pycharmprojects\automationproject\venv\lib\site-packages\selenium\webdriver\remote\webdriver.py:1315: UserWarning: name used for saved screenshot does not match file type. It should end with a `.png` extension
  warnings.warn("name used for saved screenshot does not match file "</msg>
<msg timestamp="20220422 19:56:08.722" level="FAIL">NoSuchWindowException: Message: no such window: target window already closed
from unknown error: web view not found
  (Session info: chrome=100.0.4896.127)
Stacktrace:
Backtrace:
	Ordinal0 [0x00D27413+2389011]
	Ordinal0 [0x00CB9F61+1941345]
	Ordinal0 [0x00BAC658+837208]
	Ordinal0 [0x00B94480+738432]
	Ordinal0 [0x00BF6999+1141145]
	Ordinal0 [0x00C03AA2+1194658]
	Ordinal0 [0x00BF3F66+1130342]
	Ordinal0 [0x00BCE546+976198]
	Ordinal0 [0x00BCF456+980054]
	GetHandleVerifier [0x00ED9632+1727522]
	GetHandleVerifier [0x00F8BA4D+2457661]
	GetHandleVerifier [0x00DBEB81+569713]
	GetHandleVerifier [0x00DBDD76+566118]
	Ordinal0 [0x00CC0B2B+1968939]
	Ordinal0 [0x00CC5988+1989000]
	Ordinal0 [0x00CC5A75+1989237]
	Ordinal0 [0x00CCECB1+2026673]
	BaseThreadInitThunk [0x76D4FA29+25]
	RtlGetAppContainerNamedObjectPath [0x77217A7E+286]
	RtlGetAppContainerNamedObjectPath [0x77217A4E+238]
</msg>
<status status="FAIL" starttime="20220422 19:56:08.697" endtime="20220422 19:56:08.722"/>
</kw>
<status status="FAIL" starttime="20220422 19:55:54.735" endtime="20220422 19:56:08.722"/>
</kw>
<kw name="Maximize Browser Window" library="SeleniumLibrary">
<doc>Maximizes current browser window.</doc>
<status status="NOT RUN" starttime="20220422 19:56:08.726" endtime="20220422 19:56:08.726"/>
</kw>
<kw name="Get ContactUsePage validated" library="ContactUsPageICPTMED">
<status status="NOT RUN" starttime="20220422 19:56:08.727" endtime="20220422 19:56:08.727"/>
</kw>
<tag>Regression</tag>
<status status="FAIL" starttime="20220422 19:55:54.735" endtime="20220422 19:56:08.727">NoSuchWindowException: Message: no such window: target window already closed
from unknown error: web view not found
  (Session info: chrome=100.0.4896.127)
Stacktrace:
Backtrace:
	Ordinal0 [0x00D27413+2389011]
	Ordinal0 [0x00CB9F61+1941345]
	Ordinal0 [0x00BAC658+837208]
	Ordinal0 [0x00B94480+738432]
	Ordinal0 [0x00BF6999+1141145]
	Ordinal0 [0x00C03AA2+1194658]
	Ordinal0 [0x00BF3F66+1130342]
	Ordinal0 [0x00BCE546+976198]
	Ordinal0 [0x00BCF456+980054]
	GetHandleVerifier [0x00ED9632+1727522]
	GetHandleVerifier [0x00F8BA4D+2457661]
	GetHandleVerifier [0x00DBEB81+569713]
	GetHandleVerifier [0x00DBDD76+566118]
	Ordinal0 [0x00CC0B2B+1968939]
	Ordinal0 [0x00CC5988+1989000]
	Ordinal0 [0x00CC5A75+1989237]
	Ordinal0 [0x00CCECB1+2026673]
	BaseThreadInitThunk [0x76D4FA29+25]
	RtlGetAppContainerNamedObjectPath [0x77217A7E+286]
	RtlGetAppContainerNamedObjectPath [0x77217A4E+238]
</status>
</test>
<kw name="Close All Browsers" library="SeleniumLibrary" type="TEARDOWN">
<doc>Closes all open browsers and resets the browser cache.</doc>
<status status="PASS" starttime="20220422 19:56:08.741" endtime="20220422 19:56:17.152"/>
</kw>
<status status="FAIL" starttime="20220422 19:55:17.624" endtime="20220422 19:56:17.152"/>
</suite>
<statistics>
<total>
<stat pass="0" fail="4" skip="0">All Tests</stat>
</total>
<tag>
<stat pass="0" fail="4" skip="0">Regression</stat>
</tag>
<suite>
<stat pass="0" fail="4" skip="0" id="s1" name="InterceptPharmaMed">InterceptPharmaMed</stat>
</suite>
</statistics>
<errors>
<msg timestamp="20220422 19:55:31.789" level="WARN">Keyword 'Capture Page Screenshot' could not be run on failure: Message: chrome not reachable
  (Session info: chrome=100.0.4896.127)
Stacktrace:
Backtrace:
	Ordinal0 [0x00D27413+2389011]
	Ordinal0 [0x00CB9F61+1941345]
	Ordinal0 [0x00BAC520+836896]
	Ordinal0 [0x00BA0682+788098]
	Ordinal0 [0x00BA0EB8+790200]
	Ordinal0 [0x00BA2752+796498]
	Ordinal0 [0x00B9C0D9+770265]
	Ordinal0 [0x00BAD9D0+842192]
	Ordinal0 [0x00C03AE2+1194722]
	Ordinal0 [0x00BF3F66+1130342]
	Ordinal0 [0x00BCE546+976198]
	Ordinal0 [0x00BCF456+980054]
	GetHandleVerifier [0x00ED9632+1727522]
	GetHandleVerifier [0x00F8BA4D+2457661]
	GetHandleVerifier [0x00DBEB81+569713]
	GetHandleVerifier [0x00DBDD76+566118]
	Ordinal0 [0x00CC0B2B+1968939]
	Ordinal0 [0x00CC5988+1989000]
	Ordinal0 [0x00CC5A75+1989237]
	Ordinal0 [0x00CCECB1+2026673]
	BaseThreadInitThunk [0x76D4FA29+25]
	RtlGetAppContainerNamedObjectPath [0x77217A7E+286]
	RtlGetAppContainerNamedObjectPath [0x77217A4E+238]
</msg>
<msg timestamp="20220422 19:55:43.782" level="WARN">Keyword 'Capture Page Screenshot' could not be run on failure: Message: chrome not reachable
  (Session info: chrome=100.0.4896.127)
Stacktrace:
Backtrace:
	Ordinal0 [0x00D27413+2389011]
	Ordinal0 [0x00CB9F61+1941345]
	Ordinal0 [0x00BAC520+836896]
	Ordinal0 [0x00BA0682+788098]
	Ordinal0 [0x00BA0EB8+790200]
	Ordinal0 [0x00BA2752+796498]
	Ordinal0 [0x00B9C0D9+770265]
	Ordinal0 [0x00BAD9D0+842192]
	Ordinal0 [0x00C03AE2+1194722]
	Ordinal0 [0x00BF3F66+1130342]
	Ordinal0 [0x00BCE546+976198]
	Ordinal0 [0x00BCF456+980054]
	GetHandleVerifier [0x00ED9632+1727522]
	GetHandleVerifier [0x00F8BA4D+2457661]
	GetHandleVerifier [0x00DBEB81+569713]
	GetHandleVerifier [0x00DBDD76+566118]
	Ordinal0 [0x00CC0B2B+1968939]
	Ordinal0 [0x00CC5988+1989000]
	Ordinal0 [0x00CC5A75+1989237]
	Ordinal0 [0x00CCECB1+2026673]
	BaseThreadInitThunk [0x76D4FA29+25]
	RtlGetAppContainerNamedObjectPath [0x77217A7E+286]
	RtlGetAppContainerNamedObjectPath [0x77217A4E+238]
</msg>
<msg timestamp="20220422 19:55:54.722" level="WARN">Keyword 'Capture Page Screenshot' could not be run on failure: Message: chrome not reachable
  (Session info: chrome=100.0.4896.127)
Stacktrace:
Backtrace:
	Ordinal0 [0x00D27413+2389011]
	Ordinal0 [0x00CB9F61+1941345]
	Ordinal0 [0x00BAC520+836896]
	Ordinal0 [0x00BA0682+788098]
	Ordinal0 [0x00BA0EB8+790200]
	Ordinal0 [0x00BA2752+796498]
	Ordinal0 [0x00B9C0D9+770265]
	Ordinal0 [0x00BAD9D0+842192]
	Ordinal0 [0x00C03AE2+1194722]
	Ordinal0 [0x00BF3F66+1130342]
	Ordinal0 [0x00BCE546+976198]
	Ordinal0 [0x00BCF456+980054]
	GetHandleVerifier [0x00ED9632+1727522]
	GetHandleVerifier [0x00F8BA4D+2457661]
	GetHandleVerifier [0x00DBEB81+569713]
	GetHandleVerifier [0x00DBDD76+566118]
	Ordinal0 [0x00CC0B2B+1968939]
	Ordinal0 [0x00CC5988+1989000]
	Ordinal0 [0x00CC5A75+1989237]
	Ordinal0 [0x00CCECB1+2026673]
	BaseThreadInitThunk [0x76D4FA29+25]
	RtlGetAppContainerNamedObjectPath [0x77217A7E+286]
	RtlGetAppContainerNamedObjectPath [0x77217A4E+238]
</msg>
<msg timestamp="20220422 19:56:08.705" level="WARN">Keyword 'Capture Page Screenshot' could not be run on failure: Message: no such window: target window already closed
from unknown error: web view not found
  (Session info: chrome=100.0.4896.127)
Stacktrace:
Backtrace:
	Ordinal0 [0x00D27413+2389011]
	Ordinal0 [0x00CB9F61+1941345]
	Ordinal0 [0x00BAC658+837208]
	Ordinal0 [0x00B94480+738432]
	Ordinal0 [0x00BF6999+1141145]
	Ordinal0 [0x00C03AA2+1194658]
	Ordinal0 [0x00BF3F66+1130342]
	Ordinal0 [0x00BCE546+976198]
	Ordinal0 [0x00BCF456+980054]
	GetHandleVerifier [0x00ED9632+1727522]
	GetHandleVerifier [0x00F8BA4D+2457661]
	GetHandleVerifier [0x00DBEB81+569713]
	GetHandleVerifier [0x00DBDD76+566118]
	Ordinal0 [0x00CC0B2B+1968939]
	Ordinal0 [0x00CC5988+1989000]
	Ordinal0 [0x00CC5A75+1989237]
	Ordinal0 [0x00CCECB1+2026673]
	BaseThreadInitThunk [0x76D4FA29+25]
	RtlGetAppContainerNamedObjectPath [0x77217A7E+286]
	RtlGetAppContainerNamedObjectPath [0x77217A4E+238]
</msg>
</errors>
</robot>
