<?xml version="1.0" encoding="UTF-8"?>
<robot generator="Robot 4.1.3 (Python 3.9.9 on win32)" generated="20220331 11:29:58.962" rpa="false" schemaversion="2">
    <suite id="s1" name="TC1" source="C:\Users\aravind.v\PycharmProjects\pythonProject1\TestCases\TC1.robot">
        <test id="s1-t1" name="LoginTestChrome">
            <kw name="open the browser and navigate to the url" library="Generic">
                <arg>${Browser1}</arg>
                <arg>${url}</arg>
                <kw name="Get Driver Path" library="DriverSync">
                    <var>${driver_path}</var>
                    <arg>${browser_name}</arg>
                    <msg timestamp="20220331 11:29:59.246" level="INFO">
                    </msg>
                    <msg timestamp="20220331 11:29:59.246" level="INFO">====== WebDriver manager ======</msg>
                    <msg timestamp="20220331 11:29:59.901" level="INFO">Current google-chrome version is 99.0.4844</msg>
                    <msg timestamp="20220331 11:29:59.901" level="INFO">Get LATEST chromedriver version for 99.0.4844
                        google-chrome
                    </msg>
                    <msg timestamp="20220331 11:30:00.188" level="INFO">Trying to download new driver from
                        https://chromedriver.storage.googleapis.com/99.0.4844.51/chromedriver_win32.zip
                    </msg>
                    <msg timestamp="20220331 11:30:04.010" level="INFO">Driver has been saved in cache
                        [C:\Users\aravind.v\.wdm\drivers\chromedriver\win32\99.0.4844.51]
                    </msg>
                    <msg timestamp="20220331 11:30:04.010" level="INFO">
                        C:\Users\aravind.v\.wdm\drivers\chromedriver\win32\99.0.4844.51\chromedriver.exe
                    </msg>
                    <msg timestamp="20220331 11:30:04.010" level="INFO">====== WebDriver manager ======
                        Current google-chrome version is 99.0.4844
                        Get LATEST chromedriver version for 99.0.4844 google-chrome
                        Trying to download new driver from
                        https://chromedriver.storage.googleapis.com/99.0.4844.51/chromedriver_win32.zip
                        Driver has been saved in cache [C:\Users\aravind.v\.wdm\drivers\chromedriver\win32\99.0.4844.51]
                    </msg>
                    <msg timestamp="20220331 11:30:04.010" level="INFO">${driver_path} =
                        C:\Users\aravind.v\.wdm\drivers\chromedriver\win32\99.0.4844.51\chromedriver.exe
                    </msg>
                    <status status="PASS" starttime="20220331 11:29:59.246" endtime="20220331 11:30:04.010"/>
                </kw>
                <kw name="Create Webdriver" library="SeleniumLibrary">
                    <arg>${browser_name}</arg>
                    <arg>executable_path=${driver_path}</arg>
                    <doc>Creates an instance of Selenium WebDriver.</doc>
                    <msg timestamp="20220331 11:30:04.010" level="INFO">Creating an instance of the Chrome WebDriver.
                    </msg>
                    <status status="PASS" starttime="20220331 11:30:04.010" endtime="20220331 11:30:05.425"/>
                </kw>
                <kw name="Go To" library="SeleniumLibrary">
                    <arg>${url}</arg>
                    <doc>Navigates the current browser window to the provided ``url``.</doc>
                    <msg timestamp="20220331 11:30:05.425" level="INFO">Opening url
                        'https://www.interceptpharma.com/homepage-non-usa/'
                    </msg>
                    <msg timestamp="20220331 11:30:12.256" level="WARN">Keyword 'Capture Page Screenshot' could not be
                        run on failure: Message: chrome not reachable
                        (Session info: chrome=99.0.4844.84)
                        Stacktrace:
                        Backtrace:
                        Ordinal0 [0x00AC9943+2595139]
                        Ordinal0 [0x00A5C9F1+2148849]
                        Ordinal0 [0x009543F0+1065968]
                        Ordinal0 [0x009487C2+1017794]
                        Ordinal0 [0x0094953F+1021247]
                        Ordinal0 [0x0094A892+1026194]
                        Ordinal0 [0x00944219+999961]
                        Ordinal0 [0x00955860+1071200]
                        Ordinal0 [0x009AB2D2+1422034]
                        Ordinal0 [0x0099B806+1357830]
                        Ordinal0 [0x00976086+1204358]
                        Ordinal0 [0x00976F96+1208214]
                        GetHandleVerifier [0x00C6B232+1658114]
                        GetHandleVerifier [0x00D2312C+2411516]
                        GetHandleVerifier [0x00B5F261+560433]
                        GetHandleVerifier [0x00B5E366+556598]
                        Ordinal0 [0x00A6286B+2173035]
                        Ordinal0 [0x00A675F8+2192888]
                        Ordinal0 [0x00A676E5+2193125]
                        Ordinal0 [0x00A711FC+2232828]
                        BaseThreadInitThunk [0x76B6FA29+25]
                        RtlGetAppContainerNamedObjectPath [0x76F07A7E+286]
                        RtlGetAppContainerNamedObjectPath [0x76F07A4E+238]
                    </msg>
                    <msg timestamp="20220331 11:30:12.283" level="FAIL">WebDriverException: Message: unknown error:
                        cannot determine loading status
                        from disconnected: received Inspector.detached event
                        (Session info: chrome=99.0.4844.84)
                        Stacktrace:
                        Backtrace:
                        Ordinal0 [0x00AC9943+2595139]
                        Ordinal0 [0x00A5C9F1+2148849]
                        Ordinal0 [0x00954528+1066280]
                        Ordinal0 [0x009469BE+1010110]
                        Ordinal0 [0x009465AF+1009071]
                        Ordinal0 [0x00945BC6+1006534]
                        Ordinal0 [0x00944AD0+1002192]
                        Ordinal0 [0x009450D8+1003736]
                        Ordinal0 [0x00950AAC+1051308]
                        Ordinal0 [0x009463BD+1008573]
                        Ordinal0 [0x00946F7C+1011580]
                        Ordinal0 [0x009465CA+1009098]
                        Ordinal0 [0x00945BC6+1006534]
                        Ordinal0 [0x00944AD0+1002192]
                        Ordinal0 [0x00944FAD+1003437]
                        Ordinal0 [0x00955C4A+1072202]
                        Ordinal0 [0x009AC19D+1425821]
                        Ordinal0 [0x0099B9EC+1358316]
                        Ordinal0 [0x009ABAF2+1424114]
                        Ordinal0 [0x0099B806+1357830]
                        Ordinal0 [0x00976086+1204358]
                        Ordinal0 [0x00976F96+1208214]
                        GetHandleVerifier [0x00C6B232+1658114]
                        GetHandleVerifier [0x00D2312C+2411516]
                        GetHandleVerifier [0x00B5F261+560433]
                        GetHandleVerifier [0x00B5E366+556598]
                        Ordinal0 [0x00A6286B+2173035]
                        Ordinal0 [0x00A675F8+2192888]
                        Ordinal0 [0x00A676E5+2193125]
                        Ordinal0 [0x00A711FC+2232828]
                        BaseThreadInitThunk [0x76B6FA29+25]
                        RtlGetAppContainerNamedObjectPath [0x76F07A7E+286]
                        RtlGetAppContainerNamedObjectPath [0x76F07A4E+238]
                    </msg>
                    <status status="FAIL" starttime="20220331 11:30:05.425" endtime="20220331 11:30:12.283"/>
                </kw>
                <status status="FAIL" starttime="20220331 11:29:59.246" endtime="20220331 11:30:12.284"/>
            </kw>
            <kw name="Maximize Browser Window" library="SeleniumLibrary">
                <doc>Maximizes current browser window.</doc>
                <status status="NOT RUN" starttime="20220331 11:30:12.285" endtime="20220331 11:30:12.285"/>
            </kw>
            <kw name="And Assert the logos in homepage" library="LoginPage">
                <status status="NOT RUN" starttime="20220331 11:30:12.285" endtime="20220331 11:30:12.285"/>
            </kw>
            <tag>smoke</tag>
            <status status="FAIL" starttime="20220331 11:29:59.246" endtime="20220331 11:30:12.286">WebDriverException:
                Message: unknown error: cannot determine loading status
                from disconnected: received Inspector.detached event
                (Session info: chrome=99.0.4844.84)
                Stacktrace:
                Backtrace:
                Ordinal0 [0x00AC9943+2595139]
                Ordinal0 [0x00A5C9F1+2148849]
                Ordinal0 [0x00954528+1066280]
                Ordinal0 [0x009469BE+1010110]
                Ordinal0 [0x009465AF+1009071]
                Ordinal0 [0x00945BC6+1006534]
                Ordinal0 [0x00944AD0+1002192]
                Ordinal0 [0x009450D8+1003736]
                Ordinal0 [0x00950AAC+1051308]
                Ordinal0 [0x009463BD+1008573]
                Ordinal0 [0x00946F7C+1011580]
                Ordinal0 [0x009465CA+1009098]
                Ordinal0 [0x00945BC6+1006534]
                Ordinal0 [0x00944AD0+1002192]
                Ordinal0 [0x00944FAD+1003437]
                Ordinal0 [0x00955C4A+1072202]
                Ordinal0 [0x009AC19D+1425821]
                Ordinal0 [0x0099B9EC+1358316]
                Ordinal0 [0x009ABAF2+1424114]
                Ordinal0 [0x0099B806+1357830]
                Ordinal0 [0x00976086+1204358]
                Ordinal0 [0x00976F96+1208214]
                GetHandleVerifier [0x00C6B232+1658114]
                GetHandleVerifier [0x00D2312C+2411516]
                GetHandleVerifier [0x00B5F261+560433]
                GetHandleVerifier [0x00B5E366+556598]
                Ordinal0 [0x00A6286B+2173035]
                Ordinal0 [0x00A675F8+2192888]
                Ordinal0 [0x00A676E5+2193125]
                Ordinal0 [0x00A711FC+2232828]
                BaseThreadInitThunk [0x76B6FA29+25]
                RtlGetAppContainerNamedObjectPath [0x76F07A7E+286]
                RtlGetAppContainerNamedObjectPath [0x76F07A4E+238]
            </status>
        </test>
        <status status="FAIL" starttime="20220331 11:29:58.962" endtime="20220331 11:30:12.290"/>
    </suite>
    <statistics>
        <total>
            <stat pass="0" fail="1" skip="0">All Tests</stat>
        </total>
        <tag>
            <stat pass="0" fail="1" skip="0">smoke</stat>
        </tag>
        <suite>
            <stat pass="0" fail="1" skip="0" id="s1" name="TC1">TC1</stat>
        </suite>
    </statistics>
    <errors>
        <msg timestamp="20220331 11:29:59.144" level="ERROR">Error in resource file
            'C:\Users\aravind.v\PycharmProjects\pythonProject1\PO\Generic.robot': Creating keyword 'Get Text from links'
            failed: Invalid argument specification: Invalid argument syntax '${nav} ${expectedText_list}'.
        </msg>
        <msg timestamp="20220331 11:30:12.256" level="WARN">Keyword 'Capture Page Screenshot' could not be run on
            failure: Message: chrome not reachable
            (Session info: chrome=99.0.4844.84)
            Stacktrace:
            Backtrace:
            Ordinal0 [0x00AC9943+2595139]
            Ordinal0 [0x00A5C9F1+2148849]
            Ordinal0 [0x009543F0+1065968]
            Ordinal0 [0x009487C2+1017794]
            Ordinal0 [0x0094953F+1021247]
            Ordinal0 [0x0094A892+1026194]
            Ordinal0 [0x00944219+999961]
            Ordinal0 [0x00955860+1071200]
            Ordinal0 [0x009AB2D2+1422034]
            Ordinal0 [0x0099B806+1357830]
            Ordinal0 [0x00976086+1204358]
            Ordinal0 [0x00976F96+1208214]
            GetHandleVerifier [0x00C6B232+1658114]
            GetHandleVerifier [0x00D2312C+2411516]
            GetHandleVerifier [0x00B5F261+560433]
            GetHandleVerifier [0x00B5E366+556598]
            Ordinal0 [0x00A6286B+2173035]
            Ordinal0 [0x00A675F8+2192888]
            Ordinal0 [0x00A676E5+2193125]
            Ordinal0 [0x00A711FC+2232828]
            BaseThreadInitThunk [0x76B6FA29+25]
            RtlGetAppContainerNamedObjectPath [0x76F07A7E+286]
            RtlGetAppContainerNamedObjectPath [0x76F07A4E+238]
        </msg>
    </errors>
</robot>
