<?xml version="1.0" encoding="UTF-8"?>
<robot generator="Robot 4.1.3 (Python 3.9.9 on win32)" generated="20220404 16:31:02.824" rpa="false" schemaversion="2">
<suite id="s1" name="InterceptPharma" source="C:\Users\aravind.v\PycharmProjects\pythonProject1\TestCases\InterceptPharma.robot">
<test id="s1-t1" name="HomePageTest">
<kw name="open the browser and navigate to the url" library="Generic">
<arg>${Browser1}</arg>
<arg>${url}</arg>
<kw name="Get Driver Path" library="DriverSync">
<var>${driver_path}</var>
<arg>${browser_name}</arg>
<msg timestamp="20220404 16:31:03.144" level="INFO">
</msg>
<msg timestamp="20220404 16:31:03.145" level="INFO">====== WebDriver manager ======</msg>
<msg timestamp="20220404 16:31:03.799" level="INFO">Current google-chrome version is 100.0.4896</msg>
<msg timestamp="20220404 16:31:03.799" level="INFO">Get LATEST chromedriver version for 100.0.4896 google-chrome</msg>
<msg timestamp="20220404 16:31:15.240" level="INFO">Trying to download new driver from https://chromedriver.storage.googleapis.com/100.0.4896.60/chromedriver_win32.zip</msg>
<msg timestamp="20220404 16:31:17.552" level="INFO">Driver has been saved in cache [C:\Users\aravind.v\.wdm\drivers\chromedriver\win32\100.0.4896.60]</msg>
<msg timestamp="20220404 16:31:17.553" level="INFO">C:\Users\aravind.v\.wdm\drivers\chromedriver\win32\100.0.4896.60\chromedriver.exe</msg>
<msg timestamp="20220404 16:31:17.553" level="INFO">====== WebDriver manager ======
Current google-chrome version is 100.0.4896
Get LATEST chromedriver version for 100.0.4896 google-chrome
Trying to download new driver from https://chromedriver.storage.googleapis.com/100.0.4896.60/chromedriver_win32.zip
Driver has been saved in cache [C:\Users\aravind.v\.wdm\drivers\chromedriver\win32\100.0.4896.60]</msg>
<msg timestamp="20220404 16:31:17.554" level="INFO">${driver_path} = C:\Users\aravind.v\.wdm\drivers\chromedriver\win32\100.0.4896.60\chromedriver.exe</msg>
<status status="PASS" starttime="20220404 16:31:03.144" endtime="20220404 16:31:17.554"/>
</kw>
<kw name="Evaluate" library="BuiltIn">
<var>${chrome_options}</var>
<arg>sys.modules['selenium.webdriver'].ChromeOptions()</arg>
<arg>sys, selenium.webdriver</arg>
<doc>Evaluates the given expression in Python and returns the result.</doc>
<msg timestamp="20220404 16:31:17.555" level="INFO">${chrome_options} = &lt;selenium.webdriver.chrome.options.Options object at 0x0000015ED42FD1C0&gt;</msg>
<status status="PASS" starttime="20220404 16:31:17.554" endtime="20220404 16:31:17.555"/>
</kw>
<kw name="Call Method" library="BuiltIn">
<arg>${chrome_options}</arg>
<arg>add_argument</arg>
<arg>--disable-extensions</arg>
<doc>Calls the named method of the given object with the provided arguments.</doc>
<status status="PASS" starttime="20220404 16:31:17.555" endtime="20220404 16:31:17.555"/>
</kw>
<kw name="Call Method" library="BuiltIn">
<arg>${chrome_options}</arg>
<arg>add_argument</arg>
<arg>--headless</arg>
<doc>Calls the named method of the given object with the provided arguments.</doc>
<status status="PASS" starttime="20220404 16:31:17.555" endtime="20220404 16:31:17.555"/>
</kw>
<kw name="Call Method" library="BuiltIn">
<arg>${chrome_options}</arg>
<arg>add_argument</arg>
<arg>--disable-gpu</arg>
<doc>Calls the named method of the given object with the provided arguments.</doc>
<status status="PASS" starttime="20220404 16:31:17.555" endtime="20220404 16:31:17.556"/>
</kw>
<kw name="Call Method" library="BuiltIn">
<arg>${chrome_options}</arg>
<arg>add_argument</arg>
<arg>--no-sandbox</arg>
<doc>Calls the named method of the given object with the provided arguments.</doc>
<status status="PASS" starttime="20220404 16:31:17.556" endtime="20220404 16:31:17.556"/>
</kw>
<kw name="Create Webdriver" library="SeleniumLibrary">
<arg>Chrome</arg>
<arg>chrome_options=${chrome_options}</arg>
<doc>Creates an instance of Selenium WebDriver.</doc>
<msg timestamp="20220404 16:31:17.557" level="INFO">Creating an instance of the Chrome WebDriver.</msg>
<msg timestamp="20220404 16:31:21.178" level="INFO">Cannot capture screenshot because no browser is open.</msg>
<msg timestamp="20220404 16:31:21.205" level="FAIL">SessionNotCreatedException: Message: session not created: This version of ChromeDriver only supports Chrome version 97
Current browser version is 100.0.4896.60 with binary path C:\Program Files\Google\Chrome\Application\chrome.exe
Stacktrace:
Backtrace:
	Ordinal0 [0x0098FDC3+2555331]
	Ordinal0 [0x009277F1+2127857]
	Ordinal0 [0x00822E08+1060360]
	Ordinal0 [0x008419CA+1186250]
	Ordinal0 [0x0083D825+1169445]
	Ordinal0 [0x0083AFC1+1159105]
	Ordinal0 [0x0086C22F+1360431]
	Ordinal0 [0x0086BE9A+1359514]
	Ordinal0 [0x00867976+1341814]
	Ordinal0 [0x008436B6+1193654]
	Ordinal0 [0x00844546+1197382]
	GetHandleVerifier [0x00B29622+1619522]
	GetHandleVerifier [0x00BD882C+2336844]
	GetHandleVerifier [0x00A223E1+541697]
	GetHandleVerifier [0x00A21443+537699]
	Ordinal0 [0x0092D18E+2150798]
	Ordinal0 [0x00931518+2168088]
	Ordinal0 [0x00931660+2168416]
	Ordinal0 [0x0093B330+2208560]
	BaseThreadInitThunk [0x76B6FA29+25]
	RtlGetAppContainerNamedObjectPath [0x76F07A7E+286]
	RtlGetAppContainerNamedObjectPath [0x76F07A4E+238]
</msg>
<status status="FAIL" starttime="20220404 16:31:17.557" endtime="20220404 16:31:21.205"/>
</kw>
<kw name="Set Window Size" library="SeleniumLibrary">
<arg>1280</arg>
<arg>577</arg>
<doc>Sets current windows size to given ``width`` and ``height``.</doc>
<status status="NOT RUN" starttime="20220404 16:31:21.205" endtime="20220404 16:31:21.205"/>
</kw>
<kw name="Go To" library="SeleniumLibrary">
<arg>${url}</arg>
<doc>Navigates the current browser window to the provided ``url``.</doc>
<status status="NOT RUN" starttime="20220404 16:31:21.206" endtime="20220404 16:31:21.206"/>
</kw>
<kw name="Go To" library="SeleniumLibrary">
<arg>${url}</arg>
<doc>Navigates the current browser window to the provided ``url``.</doc>
<status status="NOT RUN" starttime="20220404 16:31:21.206" endtime="20220404 16:31:21.206"/>
</kw>
<kw name="Take Screenshot" library="Screenshot">
<arg>loginpage</arg>
<doc>Takes a screenshot in JPEG format and embeds it into the log file.</doc>
<status status="NOT RUN" starttime="20220404 16:31:21.206" endtime="20220404 16:31:21.206"/>
</kw>
<status status="FAIL" starttime="20220404 16:31:03.144" endtime="20220404 16:31:21.206"/>
</kw>
<kw name="Maximize Browser Window" library="SeleniumLibrary">
<doc>Maximizes current browser window.</doc>
<status status="NOT RUN" starttime="20220404 16:31:21.207" endtime="20220404 16:31:21.207"/>
</kw>
<kw name="Assert the logos in homepage" library="LoginPageICPT">
<status status="NOT RUN" starttime="20220404 16:31:21.207" endtime="20220404 16:31:21.207"/>
</kw>
<tag>Regression</tag>
<status status="FAIL" starttime="20220404 16:31:03.143" endtime="20220404 16:31:21.208">SessionNotCreatedException: Message: session not created: This version of ChromeDriver only supports Chrome version 97
Current browser version is 100.0.4896.60 with binary path C:\Program Files\Google\Chrome\Application\chrome.exe
Stacktrace:
Backtrace:
	Ordinal0 [0x0098FDC3+2555331]
	Ordinal0 [0x009277F1+2127857]
	Ordinal0 [0x00822E08+1060360]
	Ordinal0 [0x008419CA+1186250]
	Ordinal0 [0x0083D825+1169445]
	Ordinal0 [0x0083AFC1+1159105]
	Ordinal0 [0x0086C22F+1360431]
	Ordinal0 [0x0086BE9A+1359514]
	Ordinal0 [0x00867976+1341814]
	Ordinal0 [0x008436B6+1193654]
	Ordinal0 [0x00844546+1197382]
	GetHandleVerifier [0x00B29622+1619522]
	GetHandleVerifier [0x00BD882C+2336844]
	GetHandleVerifier [0x00A223E1+541697]
	GetHandleVerifier [0x00A21443+537699]
	Ordinal0 [0x0092D18E+2150798]
	Ordinal0 [0x00931518+2168088]
	Ordinal0 [0x00931660+2168416]
	Ordinal0 [0x0093B330+2208560]
	BaseThreadInitThunk [0x76B6FA29+25]
	RtlGetAppContainerNamedObjectPath [0x76F07A7E+286]
	RtlGetAppContainerNamedObjectPath [0x76F07A4E+238]
</status>
</test>
<kw name="Close All Browsers" library="SeleniumLibrary" type="TEARDOWN">
<doc>Closes all open browsers and resets the browser cache.</doc>
<status status="PASS" starttime="20220404 16:31:21.211" endtime="20220404 16:31:21.211"/>
</kw>
<status status="FAIL" starttime="20220404 16:31:02.826" endtime="20220404 16:31:21.211"/>
</suite>
<statistics>
<total>
<stat pass="0" fail="1" skip="0">All Tests</stat>
</total>
<tag>
<stat pass="0" fail="1" skip="0">Regression</stat>
</tag>
<suite>
<stat pass="0" fail="1" skip="0" id="s1" name="InterceptPharma">InterceptPharma</stat>
</suite>
</statistics>
<errors>
</errors>
</robot>
