<?xml version="1.0" encoding="UTF-8"?>
<robot generator="Robot 4.1.3 (Python 3.9.9 on win32)" generated="20220401 17:23:01.689" rpa="false" schemaversion="2">
<suite id="s1" name="TC1" source="C:\Users\aravind.v\PycharmProjects\pythonProject1\TestCases\TC1.robot">
<test id="s1-t1" name="GoogleTest">
<kw name="open the browser and navigate to the url" library="Generic">
<arg>${Browser1}</arg>
<arg>${url}</arg>
<kw name="Get Driver Path" library="DriverSync">
<var>${driver_path}</var>
<arg>${browser_name}</arg>
<msg timestamp="20220401 17:23:02.022" level="INFO">
</msg>
<msg timestamp="20220401 17:23:02.022" level="INFO">====== WebDriver manager ======</msg>
<msg timestamp="20220401 17:23:02.698" level="INFO">Current google-chrome version is 100.0.4896</msg>
<msg timestamp="20220401 17:23:02.698" level="INFO">Get LATEST chromedriver version for 100.0.4896 google-chrome</msg>
<msg timestamp="20220401 17:23:03.108" level="INFO">Trying to download new driver from https://chromedriver.storage.googleapis.com/100.0.4896.60/chromedriver_win32.zip</msg>
<msg timestamp="20220401 17:23:06.567" level="INFO">Driver has been saved in cache [C:\Users\aravind.v\.wdm\drivers\chromedriver\win32\100.0.4896.60]</msg>
<msg timestamp="20220401 17:23:06.575" level="INFO">C:\Users\aravind.v\.wdm\drivers\chromedriver\win32\100.0.4896.60\chromedriver.exe</msg>
<msg timestamp="20220401 17:23:06.575" level="INFO">====== WebDriver manager ======
Current google-chrome version is 100.0.4896
Get LATEST chromedriver version for 100.0.4896 google-chrome
Trying to download new driver from https://chromedriver.storage.googleapis.com/100.0.4896.60/chromedriver_win32.zip
Driver has been saved in cache [C:\Users\aravind.v\.wdm\drivers\chromedriver\win32\100.0.4896.60]</msg>
<msg timestamp="20220401 17:23:06.575" level="INFO">${driver_path} = C:\Users\aravind.v\.wdm\drivers\chromedriver\win32\100.0.4896.60\chromedriver.exe</msg>
<status status="PASS" starttime="20220401 17:23:02.022" endtime="20220401 17:23:06.575"/>
</kw>
<kw name="Create Webdriver" library="SeleniumLibrary">
<arg>${browser_name}</arg>
<arg>executable_path=${driver_path}</arg>
<doc>Creates an instance of Selenium WebDriver.</doc>
<msg timestamp="20220401 17:23:06.575" level="INFO">Creating an instance of the Chrome WebDriver.</msg>
<status status="PASS" starttime="20220401 17:23:06.575" endtime="20220401 17:23:07.972"/>
</kw>
<kw name="Go To" library="SeleniumLibrary">
<arg>${url}</arg>
<doc>Navigates the current browser window to the provided ``url``.</doc>
<msg timestamp="20220401 17:23:07.972" level="INFO">Opening url 'https://www.interceptpharma.com/'</msg>
<status status="PASS" starttime="20220401 17:23:07.972" endtime="20220401 17:23:23.175"/>
</kw>
<status status="PASS" starttime="20220401 17:23:02.022" endtime="20220401 17:23:23.176"/>
</kw>
<kw name="Get All links test" library="Generic">
<arg>css:div.EIaa9b a</arg>
<kw name="Get WebElements" library="SeleniumLibrary">
<var>${element_list}</var>
<arg>${nav}</arg>
<doc>Returns a list of WebElement objects matching the ``locator``.</doc>
<msg timestamp="20220401 17:23:23.182" level="WARN">Keyword 'Capture Page Screenshot' could not be run on failure: Message: no such window: target window already closed
from unknown error: web view not found
  (Session info: chrome=100.0.4896.60)
Stacktrace:
Backtrace:
	Ordinal0 [0x00B77413+2389011]
	Ordinal0 [0x00B09F61+1941345]
	Ordinal0 [0x009FC658+837208]
	Ordinal0 [0x009E4480+738432]
	Ordinal0 [0x00A46999+1141145]
	Ordinal0 [0x00A53AA2+1194658]
	Ordinal0 [0x00A43F66+1130342]
	Ordinal0 [0x00A1E546+976198]
	Ordinal0 [0x00A1F456+980054]
	GetHandleVerifier [0x00D29632+1727522]
	GetHandleVerifier [0x00DDBA4D+2457661]
	GetHandleVerifier [0x00C0EB81+569713]
	GetHandleVerifier [0x00C0DD76+566118]
	Ordinal0 [0x00B10B2B+1968939]
	Ordinal0 [0x00B15988+1989000]
	Ordinal0 [0x00B15A75+1989237]
	Ordinal0 [0x00B1ECB1+2026673]
	BaseThreadInitThunk [0x76B6FA29+25]
	RtlGetAppContainerNamedObjectPath [0x76F07A7E+286]
	RtlGetAppContainerNamedObjectPath [0x76F07A4E+238]
</msg>
<msg timestamp="20220401 17:23:23.195" level="FAIL">NoSuchWindowException: Message: no such window: target window already closed
from unknown error: web view not found
  (Session info: chrome=100.0.4896.60)
Stacktrace:
Backtrace:
	Ordinal0 [0x00B77413+2389011]
	Ordinal0 [0x00B09F61+1941345]
	Ordinal0 [0x009FC658+837208]
	Ordinal0 [0x009E4480+738432]
	Ordinal0 [0x00A46999+1141145]
	Ordinal0 [0x00A53AA2+1194658]
	Ordinal0 [0x00A43F66+1130342]
	Ordinal0 [0x00A1E546+976198]
	Ordinal0 [0x00A1F456+980054]
	GetHandleVerifier [0x00D29632+1727522]
	GetHandleVerifier [0x00DDBA4D+2457661]
	GetHandleVerifier [0x00C0EB81+569713]
	GetHandleVerifier [0x00C0DD76+566118]
	Ordinal0 [0x00B10B2B+1968939]
	Ordinal0 [0x00B15988+1989000]
	Ordinal0 [0x00B15A75+1989237]
	Ordinal0 [0x00B1ECB1+2026673]
	BaseThreadInitThunk [0x76B6FA29+25]
	RtlGetAppContainerNamedObjectPath [0x76F07A7E+286]
	RtlGetAppContainerNamedObjectPath [0x76F07A4E+238]
</msg>
<status status="FAIL" starttime="20220401 17:23:23.177" endtime="20220401 17:23:23.195"/>
</kw>
<kw name="Evaluate" library="BuiltIn">
<var>${href_list}</var>
<arg>[item.get_attribute('href') for item in $element_list]</arg>
<doc>Evaluates the given expression in Python and returns the result.</doc>
<status status="NOT RUN" starttime="20220401 17:23:23.195" endtime="20220401 17:23:23.195"/>
</kw>
<kw name="Log" library="BuiltIn">
<arg>${href_list}</arg>
<doc>Logs the given message with the given level.</doc>
<status status="NOT RUN" starttime="20220401 17:23:23.195" endtime="20220401 17:23:23.195"/>
</kw>
<kw name="Create Session" library="RequestsLibrary">
<arg>testing</arg>
<arg>${url}</arg>
<doc>Create Session: create a HTTP session to a server</doc>
<status status="NOT RUN" starttime="20220401 17:23:23.195" endtime="20220401 17:23:23.195"/>
</kw>
<for flavor="IN">
<var>${element_href}</var>
<value>@{href_list}</value>
<iter>
<var name="${element_href}">${element_href}</var>
<kw name="Log" library="BuiltIn">
<arg>${element_href}</arg>
<doc>Logs the given message with the given level.</doc>
<status status="NOT RUN" starttime="20220401 17:23:23.195" endtime="20220401 17:23:23.195"/>
</kw>
<kw name="GET" library="RequestsLibrary">
<var>${response}</var>
<arg>${element_href}</arg>
<doc>Sends a GET request.</doc>
<status status="NOT RUN" starttime="20220401 17:23:23.195" endtime="20220401 17:23:23.195"/>
</kw>
<kw name="Should Be Equal As Strings" library="BuiltIn">
<arg>${response.status_code}</arg>
<arg>OK</arg>
<doc>Fails if objects are unequal after converting them to strings.</doc>
<status status="NOT RUN" starttime="20220401 17:23:23.195" endtime="20220401 17:23:23.195"/>
</kw>
<status status="NOT RUN" starttime="20220401 17:23:23.195" endtime="20220401 17:23:23.195"/>
</iter>
<status status="NOT RUN" starttime="20220401 17:23:23.195" endtime="20220401 17:23:23.195"/>
</for>
<status status="FAIL" starttime="20220401 17:23:23.176" endtime="20220401 17:23:23.195"/>
</kw>
<status status="FAIL" starttime="20220401 17:23:02.022" endtime="20220401 17:23:23.195">NoSuchWindowException: Message: no such window: target window already closed
from unknown error: web view not found
  (Session info: chrome=100.0.4896.60)
Stacktrace:
Backtrace:
	Ordinal0 [0x00B77413+2389011]
	Ordinal0 [0x00B09F61+1941345]
	Ordinal0 [0x009FC658+837208]
	Ordinal0 [0x009E4480+738432]
	Ordinal0 [0x00A46999+1141145]
	Ordinal0 [0x00A53AA2+1194658]
	Ordinal0 [0x00A43F66+1130342]
	Ordinal0 [0x00A1E546+976198]
	Ordinal0 [0x00A1F456+980054]
	GetHandleVerifier [0x00D29632+1727522]
	GetHandleVerifier [0x00DDBA4D+2457661]
	GetHandleVerifier [0x00C0EB81+569713]
	GetHandleVerifier [0x00C0DD76+566118]
	Ordinal0 [0x00B10B2B+1968939]
	Ordinal0 [0x00B15988+1989000]
	Ordinal0 [0x00B15A75+1989237]
	Ordinal0 [0x00B1ECB1+2026673]
	BaseThreadInitThunk [0x76B6FA29+25]
	RtlGetAppContainerNamedObjectPath [0x76F07A7E+286]
	RtlGetAppContainerNamedObjectPath [0x76F07A4E+238]
</status>
</test>
<status status="FAIL" starttime="20220401 17:23:01.689" endtime="20220401 17:23:23.202"/>
</suite>
<statistics>
<total>
<stat pass="0" fail="1" skip="0">All Tests</stat>
</total>
<tag>
</tag>
<suite>
<stat pass="0" fail="1" skip="0" id="s1" name="TC1">TC1</stat>
</suite>
</statistics>
<errors>
<msg timestamp="20220401 17:23:23.182" level="WARN">Keyword 'Capture Page Screenshot' could not be run on failure: Message: no such window: target window already closed
from unknown error: web view not found
  (Session info: chrome=100.0.4896.60)
Stacktrace:
Backtrace:
	Ordinal0 [0x00B77413+2389011]
	Ordinal0 [0x00B09F61+1941345]
	Ordinal0 [0x009FC658+837208]
	Ordinal0 [0x009E4480+738432]
	Ordinal0 [0x00A46999+1141145]
	Ordinal0 [0x00A53AA2+1194658]
	Ordinal0 [0x00A43F66+1130342]
	Ordinal0 [0x00A1E546+976198]
	Ordinal0 [0x00A1F456+980054]
	GetHandleVerifier [0x00D29632+1727522]
	GetHandleVerifier [0x00DDBA4D+2457661]
	GetHandleVerifier [0x00C0EB81+569713]
	GetHandleVerifier [0x00C0DD76+566118]
	Ordinal0 [0x00B10B2B+1968939]
	Ordinal0 [0x00B15988+1989000]
	Ordinal0 [0x00B15A75+1989237]
	Ordinal0 [0x00B1ECB1+2026673]
	BaseThreadInitThunk [0x76B6FA29+25]
	RtlGetAppContainerNamedObjectPath [0x76F07A7E+286]
	RtlGetAppContainerNamedObjectPath [0x76F07A4E+238]
</msg>
</errors>
</robot>
